2025-06-23 20:52:49.399 [main] INFO  helper.LoggerHelper - getTextFromField By.xpath: //*[@id="mainContent"]/div[2]/div/div[1]/div[1]/div[1]/h1/span[1] : 2
2025-06-23 20:52:49.411 [main] INFO  helper.LoggerHelper - Search Result Count : 2
2025-06-23 20:57:10.134 [main] INFO  helper.LoggerHelper - getTextFromField By.xpath: //*[@id="mainContent"]/div[2]/div/div[1]/div[1]/div[1]/h1/span[1] : 2
2025-06-23 20:57:10.144 [main] INFO  helper.LoggerHelper - Search Result Count : 2
2025-06-23 20:58:39.204 [main] INFO  helper.LoggerHelper - getTextFromField By.xpath: //*[@id="mainContent"]/div[2]/div/div[1]/div[1]/div[1]/h1/span[1] : 2
2025-06-23 20:58:39.215 [main] INFO  helper.LoggerHelper - Search Result Count : 2
2025-06-23 21:01:43.261 [main] INFO  helper.LoggerHelper - getTextFromField By.xpath: //*[@id="mainContent"]/div[2]/div/div[1]/div[1]/div[1]/h1/span[1] : 2
2025-06-23 21:01:43.279 [main] INFO  helper.LoggerHelper - Search Result Count : 2
2025-06-23 21:01:44.363 [main] INFO  helper.LoggerHelper - getTextFromField By.xpath: //*[@id="mainContent"]/div[2]/div/div[1]/div[1]/div[1]/h1/span[1] : 1
2025-06-23 21:02:09.996 [main] INFO  helper.LoggerHelper - getTextFromField By.xpath: //*[@id="mainContent"]/div[2]/div/div[1]/div[1]/div[1]/h1/span[1] : 2
2025-06-23 21:02:10.006 [main] INFO  helper.LoggerHelper - Search Result Count : 2
2025-06-23 21:02:11.611 [main] INFO  helper.LoggerHelper - getTextFromField By.xpath: //*[@id="mainContent"]/div[2]/div/div[1]/div[1]/div[1]/h1/span[1] : 1
2025-06-23 21:02:11.653 [main] INFO  helper.LoggerHelper - Search Result Count : 1
2025-06-23 21:02:11.675 [main] INFO  helper.LoggerHelper - getTextFromField By.xpath: //*[@id="mainContent"]/div[2]/div/div[1]/div[1]/div[1]/h1/span[1] : 1
2025-06-23 21:10:37.786 [main] INFO  helper.LoggerHelper - Opening URL : null
2025-06-23 21:14:22.543 [main] INFO  helper.LoggerHelper - Opening URL : https://www.ebay.com/
2025-06-23 21:14:24.743 [main] INFO  helper.LoggerHelper - getTextFromField By.xpath: //*[@id="mainContent"]/div[2]/div/div[1]/div[1]/div[1]/h1/span[1] : 2
2025-06-23 21:14:24.752 [main] INFO  helper.LoggerHelper - Search Result Count : 2
2025-06-23 21:14:26.526 [main] INFO  helper.LoggerHelper - getTextFromField By.xpath: //*[@id="mainContent"]/div[2]/div/div[1]/div[1]/div[1]/h1/span[1] : 1
2025-06-23 21:14:26.536 [main] INFO  helper.LoggerHelper - Search Result Count After Selecting Manual Transmission : 1
2025-06-23 21:14:26.564 [main] INFO  helper.LoggerHelper - getTextFromField By.xpath: //*[@id="mainContent"]/div[2]/div/div[1]/div[1]/div[1]/h1/span[1] : 1
2025-06-23 21:19:01.242 [main] INFO  helper.LoggerHelper - getTextFromField By.xpath: //*[@id="mainContent"]/div[2]/div/div[1]/div[1]/div[1]/h1/span[1] : 2
2025-06-23 21:19:01.252 [main] INFO  helper.LoggerHelper - Search Result Count : 2
2025-06-23 21:19:02.329 [main] INFO  helper.LoggerHelper - getTextFromField By.xpath: //*[@id="mainContent"]/div[2]/div/div[1]/div[1]/div[1]/h1/span[1] : 1
2025-06-23 21:19:02.339 [main] INFO  helper.LoggerHelper - Search Result Count After Selecting Manual Transmission : 1
2025-06-23 21:19:02.363 [main] INFO  helper.LoggerHelper - getTextFromField By.xpath: //*[@id="mainContent"]/div[2]/div/div[1]/div[1]/div[1]/h1/span[1] : 1
2025-06-23 21:27:58.145 [main] INFO  helper.LoggerHelper - getTextFromField By.xpath: //*[@id="mainContent"]/div[2]/div/div[1]/div[1]/div[1]/h1/span[1] : 2
2025-06-23 21:27:58.155 [main] INFO  helper.LoggerHelper - Search Result Count : 2
2025-06-23 21:27:59.483 [main] INFO  helper.LoggerHelper - getTextFromField By.xpath: //*[@id="mainContent"]/div[2]/div/div[1]/div[1]/div[1]/h1/span[1] : 1
2025-06-23 21:27:59.492 [main] INFO  helper.LoggerHelper - Search Result Count After Selecting Manual Transmission : 1
2025-06-23 21:27:59.512 [main] INFO  helper.LoggerHelper - getTextFromField By.xpath: //*[@id="mainContent"]/div[2]/div/div[1]/div[1]/div[1]/h1/span[1] : 1
2025-06-23 21:30:38.212 [main] INFO  helper.LoggerHelper - getTextFromField By.xpath: //*[@id="mainContent"]/div[2]/div/div[1]/div[1]/div[1]/h1/span[1] : 2
2025-06-23 21:30:38.227 [main] INFO  helper.LoggerHelper - Search Result Count : 2
2025-06-23 21:30:39.808 [main] INFO  helper.LoggerHelper - getTextFromField By.xpath: //*[@id="mainContent"]/div[2]/div/div[1]/div[1]/div[1]/h1/span[1] : 1
2025-06-23 21:30:39.817 [main] INFO  helper.LoggerHelper - Search Result Count After Selecting Manual Transmission : 1
2025-06-23 21:30:39.840 [main] INFO  helper.LoggerHelper - getTextFromField By.xpath: //*[@id="mainContent"]/div[2]/div/div[1]/div[1]/div[1]/h1/span[1] : 1
2025-06-23 21:32:24.567 [main] INFO  helper.LoggerHelper - getTextFromField By.xpath: //*[@id="mainContent"]/div[2]/div/div[1]/div[1]/div[1]/h1/span[1] : 2
2025-06-23 21:32:24.577 [main] INFO  helper.LoggerHelper - Search Result Count : 2
2025-06-23 21:32:25.835 [main] INFO  helper.LoggerHelper - getTextFromField By.xpath: //*[@id="mainContent"]/div[2]/div/div[1]/div[1]/div[1]/h1/span[1] : 1
2025-06-23 21:32:25.847 [main] INFO  helper.LoggerHelper - Search Result Count After Selecting Manual Transmission : 1
2025-06-23 21:32:25.876 [main] INFO  helper.LoggerHelper - getTextFromField By.xpath: //*[@id="mainContent"]/div[2]/div/div[1]/div[1]/div[1]/h1/span[1] : 1
2025-06-23 21:33:53.178 [main] INFO  helper.LoggerHelper - getTextFromField By.xpath: //*[@id="mainContent"]/div[2]/div/div[1]/div[1]/div[1]/h1/span[1] : 2
2025-06-23 21:33:53.187 [main] INFO  helper.LoggerHelper - Search Result Count : 2
2025-06-23 21:33:54.327 [main] INFO  helper.LoggerHelper - getTextFromField By.xpath: //*[@id="mainContent"]/div[2]/div/div[1]/div[1]/div[1]/h1/span[1] : 1
2025-06-23 21:33:54.335 [main] INFO  helper.LoggerHelper - Search Result Count After Selecting Manual Transmission : 1
2025-06-23 21:33:54.352 [main] INFO  helper.LoggerHelper - getTextFromField By.xpath: //*[@id="mainContent"]/div[2]/div/div[1]/div[1]/div[1]/h1/span[1] : 1
2025-06-23 21:35:35.396 [main] INFO  helper.LoggerHelper - getTextFromField By.xpath: //*[@id="mainContent"]/div[2]/div/div[1]/div[1]/div[1]/h1/span[1] : 2
2025-06-23 21:35:35.408 [main] INFO  helper.LoggerHelper - Search Result Count : 2
2025-06-23 21:35:36.665 [main] INFO  helper.LoggerHelper - getTextFromField By.xpath: //*[@id="mainContent"]/div[2]/div/div[1]/div[1]/div[1]/h1/span[1] : 1
2025-06-23 21:35:36.676 [main] INFO  helper.LoggerHelper - Search Result Count After Selecting Manual Transmission : 1
2025-06-23 21:35:36.702 [main] INFO  helper.LoggerHelper - getTextFromField By.xpath: //*[@id="mainContent"]/div[2]/div/div[1]/div[1]/div[1]/h1/span[1] : 1
2025-06-23 21:38:56.905 [main] INFO  helper.LoggerHelper - getTextFromField By.xpath: //*[@id="mainContent"]/div[2]/div/div[1]/div[1]/div[1]/h1/span[1] : 2
2025-06-23 21:38:56.919 [main] INFO  helper.LoggerHelper - Search Result Count : 2
2025-06-23 21:38:58.500 [main] INFO  helper.LoggerHelper - getTextFromField By.xpath: //*[@id="mainContent"]/div[2]/div/div[1]/div[1]/div[1]/h1/span[1] : 1
2025-06-23 21:38:58.510 [main] INFO  helper.LoggerHelper - Search Result Count After Selecting Manual Transmission : 1
2025-06-23 21:38:58.537 [main] INFO  helper.LoggerHelper - getTextFromField By.xpath: //*[@id="mainContent"]/div[2]/div/div[1]/div[1]/div[1]/h1/span[1] : 1
2025-06-23 21:41:31.692 [main] INFO  helper.LoggerHelper - getTextFromField By.xpath: //*[@id="mainContent"]/div[2]/div/div[1]/div[1]/div[1]/h1/span[1] : 2
2025-06-23 21:41:31.702 [main] INFO  helper.LoggerHelper - Search Result Count : 2
2025-06-23 21:41:32.804 [main] INFO  helper.LoggerHelper - getTextFromField By.xpath: //*[@id="mainContent"]/div[2]/div/div[1]/div[1]/div[1]/h1/span[1] : 1
2025-06-23 21:41:32.812 [main] INFO  helper.LoggerHelper - Search Result Count After Selecting Manual Transmission : 1
2025-06-23 21:41:32.832 [main] INFO  helper.LoggerHelper - getTextFromField By.xpath: //*[@id="mainContent"]/div[2]/div/div[1]/div[1]/div[1]/h1/span[1] : 1
